[33mWARNING[0m:  [03-03-2025 00:39:42] chroma_server_nofile is not supported on Windows. chroma_server_nofile will not be set.
[32mINFO[0m:     [03-03-2025 00:39:43] Anonymized telemetry enabled. See                     https://docs.trychroma.com/telemetry for more information.
[36mDEBUG[0m:    [03-03-2025 00:39:43] Starting component System
[36mDEBUG[0m:    [03-03-2025 00:39:43] Starting component OpenTelemetryClient
[36mDEBUG[0m:    [03-03-2025 00:39:43] Starting component SqliteDB
[36mDEBUG[0m:    [03-03-2025 00:39:43] Starting component SimpleQuotaEnforcer
[36mDEBUG[0m:    [03-03-2025 00:39:43] Starting component Posthog
[36mDEBUG[0m:    [03-03-2025 00:39:43] Starting component SimpleRateLimitEnforcer
[36mDEBUG[0m:    [03-03-2025 00:39:43] Starting component LocalSegmentManager
[36mDEBUG[0m:    [03-03-2025 00:39:43] Starting component LocalExecutor
[36mDEBUG[0m:    [03-03-2025 00:39:43] Starting component SegmentAPI
[36mDEBUG[0m:    [03-03-2025 00:39:43] Starting component SimpleAsyncRateLimitEnforcer
[32mINFO[0m:     [03-03-2025 00:39:44] Started server process [[36m16120[0m]
[32mINFO[0m:     [03-03-2025 00:39:44] Waiting for application startup.
[32mINFO[0m:     [03-03-2025 00:39:44] Application startup complete.
[32mINFO[0m:     [03-03-2025 00:39:44] Uvicorn running on [1mhttp://localhost:8000[0m (Press CTRL+C to quit)
[32mINFO[0m:     [03-03-2025 00:40:47] ::1:63090 - "GET / HTTP/1.1" 404
[32mINFO[0m:     [03-03-2025 00:40:48] ::1:63090 - "GET /favicon.ico HTTP/1.1" 404
[33mWARNING[0m:  [03-03-2025 00:52:06] chroma_server_nofile is not supported on Windows. chroma_server_nofile will not be set.
[32mINFO[0m:     [03-03-2025 00:52:06] Anonymized telemetry enabled. See                     https://docs.trychroma.com/telemetry for more information.
[36mDEBUG[0m:    [03-03-2025 00:52:06] Starting component System
[36mDEBUG[0m:    [03-03-2025 00:52:06] Starting component OpenTelemetryClient
[36mDEBUG[0m:    [03-03-2025 00:52:06] Starting component SqliteDB
[36mDEBUG[0m:    [03-03-2025 00:52:06] Starting component SimpleQuotaEnforcer
[36mDEBUG[0m:    [03-03-2025 00:52:06] Starting component Posthog
[36mDEBUG[0m:    [03-03-2025 00:52:06] Starting component SimpleRateLimitEnforcer
[36mDEBUG[0m:    [03-03-2025 00:52:06] Starting component LocalSegmentManager
[36mDEBUG[0m:    [03-03-2025 00:52:06] Starting component LocalExecutor
[36mDEBUG[0m:    [03-03-2025 00:52:06] Starting component SegmentAPI
[36mDEBUG[0m:    [03-03-2025 00:52:06] Starting component SimpleAsyncRateLimitEnforcer
[32mINFO[0m:     [03-03-2025 00:52:06] Started server process [[36m4612[0m]
[32mINFO[0m:     [03-03-2025 00:52:06] Waiting for application startup.
[32mINFO[0m:     [03-03-2025 00:52:06] Application startup complete.
[32mINFO[0m:     [03-03-2025 00:52:06] Uvicorn running on [1mhttp://localhost:8000[0m (Press CTRL+C to quit)
[32mINFO[0m:     [03-03-2025 00:52:26] ::1:63329 - "GET / HTTP/1.1" 404
[32mINFO[0m:     [03-03-2025 01:16:32] ::1:63812 - "GET /api/v2/tenants/default_tenant HTTP/1.1" 200
[32mINFO[0m:     [03-03-2025 01:16:32] ::1:63813 - "GET /api/v2/tenants/default_tenant/databases/default_database HTTP/1.1" 200
[32mINFO[0m:     [03-03-2025 01:16:32] ::1:63812 - "POST /api/v2/tenants/default_tenant/databases/default_database/collections HTTP/1.1" 200
[36mDEBUG[0m:    [03-03-2025 01:16:32] Starting component PersistentLocalHnswSegment
[32mINFO[0m:     [03-03-2025 01:16:32] ::1:63812 - "POST /api/v2/tenants/default_tenant/databases/default_database/collections/e94df13d-7220-4a27-8038-cf8628a64670/query HTTP/1.1" 200
[32mINFO[0m:     [03-03-2025 01:16:33] ::1:63812 - "POST /api/v2/tenants/default_tenant/databases/default_database/collections/e94df13d-7220-4a27-8038-cf8628a64670/query HTTP/1.1" 200
[32mINFO[0m:     [03-03-2025 01:16:35] ::1:63812 - "POST /api/v2/tenants/default_tenant/databases/default_database/collections/e94df13d-7220-4a27-8038-cf8628a64670/query HTTP/1.1" 200
[32mINFO[0m:     [03-03-2025 01:17:13] ::1:63826 - "POST /api/v2/tenants/default_tenant/databases/default_database/collections/e94df13d-7220-4a27-8038-cf8628a64670/query HTTP/1.1" 200
[32mINFO[0m:     [03-03-2025 01:17:14] ::1:63826 - "POST /api/v2/tenants/default_tenant/databases/default_database/collections/e94df13d-7220-4a27-8038-cf8628a64670/query HTTP/1.1" 200
[32mINFO[0m:     [03-03-2025 01:17:15] ::1:63826 - "POST /api/v2/tenants/default_tenant/databases/default_database/collections/e94df13d-7220-4a27-8038-cf8628a64670/query HTTP/1.1" 200
[32mINFO[0m:     [03-03-2025 01:18:36] ::1:63834 - "POST /api/v2/tenants/default_tenant/databases/default_database/collections/e94df13d-7220-4a27-8038-cf8628a64670/query HTTP/1.1" 200
[32mINFO[0m:     [03-03-2025 01:18:37] ::1:63834 - "POST /api/v2/tenants/default_tenant/databases/default_database/collections/e94df13d-7220-4a27-8038-cf8628a64670/query HTTP/1.1" 200
[32mINFO[0m:     [03-03-2025 01:18:38] ::1:63834 - "POST /api/v2/tenants/default_tenant/databases/default_database/collections/e94df13d-7220-4a27-8038-cf8628a64670/query HTTP/1.1" 200
[32mINFO[0m:     [03-03-2025 01:19:29] ::1:63845 - "POST /api/v2/tenants/default_tenant/databases/default_database/collections/e94df13d-7220-4a27-8038-cf8628a64670/query HTTP/1.1" 200
[32mINFO[0m:     [03-03-2025 01:19:29] ::1:63845 - "POST /api/v2/tenants/default_tenant/databases/default_database/collections/e94df13d-7220-4a27-8038-cf8628a64670/query HTTP/1.1" 200
[32mINFO[0m:     [03-03-2025 01:19:30] ::1:63845 - "POST /api/v2/tenants/default_tenant/databases/default_database/collections/e94df13d-7220-4a27-8038-cf8628a64670/query HTTP/1.1" 200
[33mWARNING[0m:  [03-03-2025 01:26:16] chroma_server_nofile is not supported on Windows. chroma_server_nofile will not be set.
[32mINFO[0m:     [03-03-2025 01:26:17] Anonymized telemetry enabled. See                     https://docs.trychroma.com/telemetry for more information.
[36mDEBUG[0m:    [03-03-2025 01:26:17] Starting component System
[36mDEBUG[0m:    [03-03-2025 01:26:17] Starting component OpenTelemetryClient
[36mDEBUG[0m:    [03-03-2025 01:26:17] Starting component SqliteDB
[36mDEBUG[0m:    [03-03-2025 01:26:17] Starting component SimpleQuotaEnforcer
[36mDEBUG[0m:    [03-03-2025 01:26:17] Starting component Posthog
[36mDEBUG[0m:    [03-03-2025 01:26:17] Starting component SimpleRateLimitEnforcer
[36mDEBUG[0m:    [03-03-2025 01:26:17] Starting component LocalSegmentManager
[36mDEBUG[0m:    [03-03-2025 01:26:17] Starting component LocalExecutor
[36mDEBUG[0m:    [03-03-2025 01:26:17] Starting component SegmentAPI
[36mDEBUG[0m:    [03-03-2025 01:26:17] Starting component SimpleAsyncRateLimitEnforcer
[32mINFO[0m:     [03-03-2025 01:26:17] Started server process [[36m14992[0m]
[32mINFO[0m:     [03-03-2025 01:26:17] Waiting for application startup.
[32mINFO[0m:     [03-03-2025 01:26:17] Application startup complete.
[32mINFO[0m:     [03-03-2025 01:26:17] Uvicorn running on [1mhttp://localhost:8000[0m (Press CTRL+C to quit)
[36mDEBUG[0m:    [03-03-2025 01:27:34] Starting component PersistentLocalHnswSegment
[32mINFO[0m:     [03-03-2025 01:27:34] ::1:63915 - "POST /api/v2/tenants/default_tenant/databases/default_database/collections/e94df13d-7220-4a27-8038-cf8628a64670/query HTTP/1.1" 200
[32mINFO[0m:     [03-03-2025 01:27:34] ::1:63915 - "POST /api/v2/tenants/default_tenant/databases/default_database/collections/e94df13d-7220-4a27-8038-cf8628a64670/query HTTP/1.1" 200
[32mINFO[0m:     [03-03-2025 01:27:35] ::1:63915 - "POST /api/v2/tenants/default_tenant/databases/default_database/collections/e94df13d-7220-4a27-8038-cf8628a64670/query HTTP/1.1" 200
[32mINFO[0m:     [03-03-2025 01:27:46] ::1:63921 - "POST /api/v2/tenants/default_tenant/databases/default_database/collections/e94df13d-7220-4a27-8038-cf8628a64670/query HTTP/1.1" 200
[32mINFO[0m:     [03-03-2025 01:27:47] ::1:63921 - "POST /api/v2/tenants/default_tenant/databases/default_database/collections/e94df13d-7220-4a27-8038-cf8628a64670/query HTTP/1.1" 200
[32mINFO[0m:     [03-03-2025 01:27:48] ::1:63921 - "POST /api/v2/tenants/default_tenant/databases/default_database/collections/e94df13d-7220-4a27-8038-cf8628a64670/query HTTP/1.1" 200
[32mINFO[0m:     [03-03-2025 01:28:56] ::1:63959 - "GET /api/v2/tenants/default_tenant HTTP/1.1" 200
[32mINFO[0m:     [03-03-2025 01:28:56] ::1:63960 - "GET /api/v2/tenants/default_tenant/databases/default_database HTTP/1.1" 200
[36mDEBUG[0m:    [03-03-2025 01:28:56] Collection documents already exists, returning existing collection.
[32mINFO[0m:     [03-03-2025 01:28:56] ::1:63959 - "POST /api/v2/tenants/default_tenant/databases/default_database/collections HTTP/1.1" 200
[32mINFO[0m:     [03-03-2025 01:28:57] ::1:63959 - "POST /api/v2/tenants/default_tenant/databases/default_database/collections/e94df13d-7220-4a27-8038-cf8628a64670/query HTTP/1.1" 200
[32mINFO[0m:     [03-03-2025 01:28:57] ::1:63959 - "POST /api/v2/tenants/default_tenant/databases/default_database/collections/e94df13d-7220-4a27-8038-cf8628a64670/query HTTP/1.1" 200
[32mINFO[0m:     [03-03-2025 01:28:58] ::1:63959 - "POST /api/v2/tenants/default_tenant/databases/default_database/collections/e94df13d-7220-4a27-8038-cf8628a64670/query HTTP/1.1" 200
[32mINFO[0m:     [03-03-2025 01:32:45] ::1:64014 - "GET /api/v2/tenants/default_tenant HTTP/1.1" 200
[32mINFO[0m:     [03-03-2025 01:32:45] ::1:64015 - "GET /api/v2/tenants/default_tenant/databases/default_database HTTP/1.1" 200
[36mDEBUG[0m:    [03-03-2025 01:32:45] Collection documents already exists, returning existing collection.
[32mINFO[0m:     [03-03-2025 01:32:45] ::1:64014 - "POST /api/v2/tenants/default_tenant/databases/default_database/collections HTTP/1.1" 200
[32mINFO[0m:     [03-03-2025 01:32:45] ::1:64014 - "POST /api/v2/tenants/default_tenant/databases/default_database/collections/e94df13d-7220-4a27-8038-cf8628a64670/query HTTP/1.1" 200
[32mINFO[0m:     [03-03-2025 01:32:46] ::1:64014 - "POST /api/v2/tenants/default_tenant/databases/default_database/collections/e94df13d-7220-4a27-8038-cf8628a64670/query HTTP/1.1" 200
[32mINFO[0m:     [03-03-2025 01:32:47] ::1:64014 - "POST /api/v2/tenants/default_tenant/databases/default_database/collections/e94df13d-7220-4a27-8038-cf8628a64670/query HTTP/1.1" 200
[32mINFO[0m:     [03-03-2025 01:36:18] ::1:64044 - "GET /api/v2/tenants/default_tenant HTTP/1.1" 200
[32mINFO[0m:     [03-03-2025 01:36:18] ::1:64045 - "GET /api/v2/tenants/default_tenant/databases/default_database HTTP/1.1" 200
[36mDEBUG[0m:    [03-03-2025 01:36:18] Collection documents already exists, returning existing collection.
[32mINFO[0m:     [03-03-2025 01:36:19] ::1:64044 - "POST /api/v2/tenants/default_tenant/databases/default_database/collections HTTP/1.1" 200
[32mINFO[0m:     [03-03-2025 01:36:19] ::1:64044 - "POST /api/v2/tenants/default_tenant/databases/default_database/collections/e94df13d-7220-4a27-8038-cf8628a64670/query HTTP/1.1" 200
[32mINFO[0m:     [03-03-2025 01:36:20] ::1:64044 - "POST /api/v2/tenants/default_tenant/databases/default_database/collections/e94df13d-7220-4a27-8038-cf8628a64670/query HTTP/1.1" 200
[32mINFO[0m:     [03-03-2025 01:36:21] ::1:64044 - "POST /api/v2/tenants/default_tenant/databases/default_database/collections/e94df13d-7220-4a27-8038-cf8628a64670/query HTTP/1.1" 200
[33mWARNING[0m:  [03-03-2025 01:38:44] chroma_server_nofile is not supported on Windows. chroma_server_nofile will not be set.
[32mINFO[0m:     [03-03-2025 01:38:45] Anonymized telemetry enabled. See                     https://docs.trychroma.com/telemetry for more information.
[36mDEBUG[0m:    [03-03-2025 01:38:45] Starting component System
[36mDEBUG[0m:    [03-03-2025 01:38:45] Starting component OpenTelemetryClient
[36mDEBUG[0m:    [03-03-2025 01:38:45] Starting component SqliteDB
[36mDEBUG[0m:    [03-03-2025 01:38:45] Starting component SimpleQuotaEnforcer
[36mDEBUG[0m:    [03-03-2025 01:38:45] Starting component Posthog
[36mDEBUG[0m:    [03-03-2025 01:38:45] Starting component SimpleRateLimitEnforcer
[36mDEBUG[0m:    [03-03-2025 01:38:45] Starting component LocalSegmentManager
[36mDEBUG[0m:    [03-03-2025 01:38:45] Starting component LocalExecutor
[36mDEBUG[0m:    [03-03-2025 01:38:45] Starting component SegmentAPI
[36mDEBUG[0m:    [03-03-2025 01:38:45] Starting component SimpleAsyncRateLimitEnforcer
[32mINFO[0m:     [03-03-2025 01:38:45] Started server process [[36m13768[0m]
[32mINFO[0m:     [03-03-2025 01:38:45] Waiting for application startup.
[32mINFO[0m:     [03-03-2025 01:38:45] Application startup complete.
[32mINFO[0m:     [03-03-2025 01:38:45] Uvicorn running on [1mhttp://localhost:8000[0m (Press CTRL+C to quit)
[32mINFO[0m:     [03-03-2025 01:40:46] ::1:64124 - "GET /api/v2/tenants/default_tenant HTTP/1.1" 200
[32mINFO[0m:     [03-03-2025 01:40:46] ::1:64125 - "GET /api/v2/tenants/default_tenant/databases/default_database HTTP/1.1" 200
[32mINFO[0m:     [03-03-2025 01:40:46] ::1:64124 - "POST /api/v2/tenants/default_tenant/databases/default_database/collections HTTP/1.1" 200
[36mDEBUG[0m:    [03-03-2025 01:40:46] Starting component PersistentLocalHnswSegment
[32mINFO[0m:     [03-03-2025 01:40:46] ::1:64124 - "POST /api/v2/tenants/default_tenant/databases/default_database/collections/05b29ed0-4967-4c62-a1cf-76eeb2bf4abb/query HTTP/1.1" 200
[32mINFO[0m:     [03-03-2025 01:40:47] ::1:64124 - "POST /api/v2/tenants/default_tenant/databases/default_database/collections/05b29ed0-4967-4c62-a1cf-76eeb2bf4abb/query HTTP/1.1" 200
[32mINFO[0m:     [03-03-2025 01:40:48] ::1:64124 - "POST /api/v2/tenants/default_tenant/databases/default_database/collections/05b29ed0-4967-4c62-a1cf-76eeb2bf4abb/query HTTP/1.1" 200
[32mINFO[0m:     [03-03-2025 01:41:02] ::1:64130 - "POST /api/v2/tenants/default_tenant/databases/default_database/collections/05b29ed0-4967-4c62-a1cf-76eeb2bf4abb/query HTTP/1.1" 200
[32mINFO[0m:     [03-03-2025 01:41:02] ::1:64130 - "POST /api/v2/tenants/default_tenant/databases/default_database/collections/05b29ed0-4967-4c62-a1cf-76eeb2bf4abb/query HTTP/1.1" 200
[32mINFO[0m:     [03-03-2025 01:41:03] ::1:64130 - "POST /api/v2/tenants/default_tenant/databases/default_database/collections/05b29ed0-4967-4c62-a1cf-76eeb2bf4abb/query HTTP/1.1" 200
[32mINFO[0m:     [03-03-2025 10:46:54] ::1:65383 - "GET /api/v2/tenants/default_tenant HTTP/1.1" 200
[32mINFO[0m:     [03-03-2025 10:46:54] ::1:65384 - "GET /api/v2/tenants/default_tenant/databases/default_database HTTP/1.1" 200
[36mDEBUG[0m:    [03-03-2025 10:46:54] Collection documents already exists, returning existing collection.
[32mINFO[0m:     [03-03-2025 10:46:54] ::1:65383 - "POST /api/v2/tenants/default_tenant/databases/default_database/collections HTTP/1.1" 200
[32mINFO[0m:     [03-03-2025 10:46:55] ::1:65383 - "POST /api/v2/tenants/default_tenant/databases/default_database/collections/05b29ed0-4967-4c62-a1cf-76eeb2bf4abb/query HTTP/1.1" 200
[32mINFO[0m:     [03-03-2025 10:46:56] ::1:65383 - "POST /api/v2/tenants/default_tenant/databases/default_database/collections/05b29ed0-4967-4c62-a1cf-76eeb2bf4abb/query HTTP/1.1" 200
[32mINFO[0m:     [03-03-2025 10:46:57] ::1:65383 - "POST /api/v2/tenants/default_tenant/databases/default_database/collections/05b29ed0-4967-4c62-a1cf-76eeb2bf4abb/query HTTP/1.1" 200
[33mWARNING[0m:  [03-03-2025 11:08:18] chroma_server_nofile is not supported on Windows. chroma_server_nofile will not be set.
[32mINFO[0m:     [03-03-2025 11:08:18] Anonymized telemetry enabled. See                     https://docs.trychroma.com/telemetry for more information.
[36mDEBUG[0m:    [03-03-2025 11:08:18] Starting component System
[36mDEBUG[0m:    [03-03-2025 11:08:18] Starting component OpenTelemetryClient
[36mDEBUG[0m:    [03-03-2025 11:08:18] Starting component SqliteDB
[36mDEBUG[0m:    [03-03-2025 11:08:18] Starting component SimpleQuotaEnforcer
[36mDEBUG[0m:    [03-03-2025 11:08:18] Starting component Posthog
[36mDEBUG[0m:    [03-03-2025 11:08:18] Starting component SimpleRateLimitEnforcer
[36mDEBUG[0m:    [03-03-2025 11:08:18] Starting component LocalSegmentManager
[36mDEBUG[0m:    [03-03-2025 11:08:18] Starting component LocalExecutor
[36mDEBUG[0m:    [03-03-2025 11:08:18] Starting component SegmentAPI
[36mDEBUG[0m:    [03-03-2025 11:08:18] Starting component SimpleAsyncRateLimitEnforcer
[32mINFO[0m:     [03-03-2025 11:08:19] Started server process [[36m11568[0m]
[32mINFO[0m:     [03-03-2025 11:08:19] Waiting for application startup.
[32mINFO[0m:     [03-03-2025 11:08:19] Application startup complete.
[32mINFO[0m:     [03-03-2025 11:08:19] Uvicorn running on [1mhttp://localhost:8000[0m (Press CTRL+C to quit)
[32mINFO[0m:     [03-03-2025 11:09:51] ::1:52886 - "GET /api/v2/tenants/default_tenant HTTP/1.1" 200
[32mINFO[0m:     [03-03-2025 11:09:51] ::1:52887 - "GET /api/v2/tenants/default_tenant/databases/default_database HTTP/1.1" 200
[32mINFO[0m:     [03-03-2025 11:09:51] ::1:52886 - "GET /api/v2/tenants/default_tenant/databases/default_database/collections/documents HTTP/1.1" 400
[31mERROR[0m:    [03-03-2025 11:09:51] Exception in ASGI application
Traceback (most recent call last):
  File "C:\Users\guan\AppData\Local\Programs\Python\Python313\Lib\site-packages\anyio\streams\memory.py", line 111, in receive
    return self.receive_nowait()
           ~~~~~~~~~~~~~~~~~~~^^
  File "C:\Users\guan\AppData\Local\Programs\Python\Python313\Lib\site-packages\anyio\streams\memory.py", line 106, in receive_nowait
    raise WouldBlock
anyio.WouldBlock

During handling of the above exception, another exception occurred:

Traceback (most recent call last):
  File "C:\Users\guan\AppData\Local\Programs\Python\Python313\Lib\site-packages\anyio\streams\memory.py", line 124, in receive
    return receiver.item
           ^^^^^^^^^^^^^
AttributeError: 'MemoryObjectItemReceiver' object has no attribute 'item'

During handling of the above exception, another exception occurred:

Traceback (most recent call last):
  File "C:\Users\guan\AppData\Local\Programs\Python\Python313\Lib\site-packages\starlette\middleware\base.py", line 147, in call_next
    message = await recv_stream.receive()
              ^^^^^^^^^^^^^^^^^^^^^^^^^^^
  File "C:\Users\guan\AppData\Local\Programs\Python\Python313\Lib\site-packages\anyio\streams\memory.py", line 126, in receive
    raise EndOfStream
anyio.EndOfStream

During handling of the above exception, another exception occurred:

Traceback (most recent call last):
  File "C:\Users\guan\AppData\Local\Programs\Python\Python313\Lib\site-packages\uvicorn\protocols\http\httptools_impl.py", line 409, in run_asgi
    result = await app(  # type: ignore[func-returns-value]
             ^^^^^^^^^^^^^^^^^^^^^^^^^^^^^^^^^^^^^^^^^^^^^^
        self.scope, self.receive, self.send
        ^^^^^^^^^^^^^^^^^^^^^^^^^^^^^^^^^^^
    )
    ^
  File "C:\Users\guan\AppData\Local\Programs\Python\Python313\Lib\site-packages\uvicorn\middleware\proxy_headers.py", line 60, in __call__
    return await self.app(scope, receive, send)
           ^^^^^^^^^^^^^^^^^^^^^^^^^^^^^^^^^^^^
  File "C:\Users\guan\AppData\Local\Programs\Python\Python313\Lib\site-packages\fastapi\applications.py", line 1054, in __call__
    await super().__call__(scope, receive, send)
  File "C:\Users\guan\AppData\Local\Programs\Python\Python313\Lib\site-packages\starlette\applications.py", line 112, in __call__
    await self.middleware_stack(scope, receive, send)
  File "C:\Users\guan\AppData\Local\Programs\Python\Python313\Lib\site-packages\starlette\middleware\errors.py", line 187, in __call__
    raise exc
  File "C:\Users\guan\AppData\Local\Programs\Python\Python313\Lib\site-packages\starlette\middleware\errors.py", line 165, in __call__
    await self.app(scope, receive, _send)
  File "C:\Users\guan\AppData\Local\Programs\Python\Python313\Lib\site-packages\opentelemetry\instrumentation\asgi\__init__.py", line 743, in __call__
    await self.app(scope, otel_receive, otel_send)
  File "C:\Users\guan\AppData\Local\Programs\Python\Python313\Lib\site-packages\starlette\middleware\cors.py", line 85, in __call__
    await self.app(scope, receive, send)
  File "C:\Users\guan\AppData\Local\Programs\Python\Python313\Lib\site-packages\starlette\middleware\base.py", line 181, in __call__
    raise app_exc
  File "C:\Users\guan\AppData\Local\Programs\Python\Python313\Lib\site-packages\starlette\middleware\base.py", line 140, in coro
    await self.app(scope, receive_or_disconnect, send_no_error)
  File "C:\Users\guan\AppData\Local\Programs\Python\Python313\Lib\site-packages\starlette\middleware\base.py", line 181, in __call__
    raise app_exc
  File "C:\Users\guan\AppData\Local\Programs\Python\Python313\Lib\site-packages\chromadb\server\fastapi\__init__.py", line 120, in catch_exceptions_middleware
    return await call_next(request)
           ^^^^^^^^^^^^^^^^^^^^^^^^
  File "C:\Users\guan\AppData\Local\Programs\Python\Python313\Lib\site-packages\starlette\middleware\base.py", line 153, in call_next
    raise app_exc
  File "C:\Users\guan\AppData\Local\Programs\Python\Python313\Lib\site-packages\starlette\middleware\base.py", line 140, in coro
    await self.app(scope, receive_or_disconnect, send_no_error)
  File "C:\Users\guan\AppData\Local\Programs\Python\Python313\Lib\site-packages\starlette\middleware\base.py", line 173, in __call__
    with recv_stream, send_stream, collapse_excgroups():
                                   ~~~~~~~~~~~~~~~~~~^^
  File "C:\Users\guan\AppData\Local\Programs\Python\Python313\Lib\contextlib.py", line 162, in __exit__
    self.gen.throw(value)
    ~~~~~~~~~~~~~~^^^^^^^
  File "C:\Users\guan\AppData\Local\Programs\Python\Python313\Lib\site-packages\starlette\_utils.py", line 82, in collapse_excgroups
    raise exc
  File "C:\Users\guan\AppData\Local\Programs\Python\Python313\Lib\site-packages\starlette\middleware\base.py", line 175, in __call__
    response = await self.dispatch_func(request, call_next)
               ^^^^^^^^^^^^^^^^^^^^^^^^^^^^^^^^^^^^^^^^^^^^
  File "C:\Users\guan\AppData\Local\Programs\Python\Python313\Lib\site-packages\chromadb\server\fastapi\__init__.py", line 144, in check_http_version_middleware
    return await call_next(request)
           ^^^^^^^^^^^^^^^^^^^^^^^^
  File "C:\Users\guan\AppData\Local\Programs\Python\Python313\Lib\site-packages\starlette\middleware\base.py", line 153, in call_next
    raise app_exc
  File "C:\Users\guan\AppData\Local\Programs\Python\Python313\Lib\site-packages\starlette\middleware\base.py", line 140, in coro
    await self.app(scope, receive_or_disconnect, send_no_error)
  File "C:\Users\guan\AppData\Local\Programs\Python\Python313\Lib\site-packages\starlette\middleware\exceptions.py", line 62, in __call__
    await wrap_app_handling_exceptions(self.app, conn)(scope, receive, send)
  File "C:\Users\guan\AppData\Local\Programs\Python\Python313\Lib\site-packages\starlette\_exception_handler.py", line 53, in wrapped_app
    raise exc
  File "C:\Users\guan\AppData\Local\Programs\Python\Python313\Lib\site-packages\starlette\_exception_handler.py", line 42, in wrapped_app
    await app(scope, receive, sender)
  File "C:\Users\guan\AppData\Local\Programs\Python\Python313\Lib\site-packages\starlette\routing.py", line 714, in __call__
    await self.middleware_stack(scope, receive, send)
  File "C:\Users\guan\AppData\Local\Programs\Python\Python313\Lib\site-packages\starlette\routing.py", line 734, in app
    await route.handle(scope, receive, send)
  File "C:\Users\guan\AppData\Local\Programs\Python\Python313\Lib\site-packages\starlette\routing.py", line 288, in handle
    await self.app(scope, receive, send)
  File "C:\Users\guan\AppData\Local\Programs\Python\Python313\Lib\site-packages\starlette\routing.py", line 76, in app
    await wrap_app_handling_exceptions(app, request)(scope, receive, send)
  File "C:\Users\guan\AppData\Local\Programs\Python\Python313\Lib\site-packages\starlette\_exception_handler.py", line 53, in wrapped_app
    raise exc
  File "C:\Users\guan\AppData\Local\Programs\Python\Python313\Lib\site-packages\starlette\_exception_handler.py", line 42, in wrapped_app
    await app(scope, receive, sender)
  File "C:\Users\guan\AppData\Local\Programs\Python\Python313\Lib\site-packages\starlette\routing.py", line 73, in app
    response = await f(request)
               ^^^^^^^^^^^^^^^^
  File "C:\Users\guan\AppData\Local\Programs\Python\Python313\Lib\site-packages\fastapi\routing.py", line 301, in app
    raw_response = await run_endpoint_function(
                   ^^^^^^^^^^^^^^^^^^^^^^^^^^^^
    ...<3 lines>...
    )
    ^
  File "C:\Users\guan\AppData\Local\Programs\Python\Python313\Lib\site-packages\fastapi\routing.py", line 212, in run_endpoint_function
    return await dependant.call(**values)
           ^^^^^^^^^^^^^^^^^^^^^^^^^^^^^^
  File "C:\Users\guan\AppData\Local\Programs\Python\Python313\Lib\site-packages\chromadb\telemetry\opentelemetry\__init__.py", line 134, in async_wrapper
    return await f(*args, **kwargs)
           ^^^^^^^^^^^^^^^^^^^^^^^^
  File "C:\Users\guan\AppData\Local\Programs\Python\Python313\Lib\site-packages\chromadb\server\fastapi\__init__.py", line 829, in get_collection
    await to_thread.run_sync(
    ^^^^^^^^^^^^^^^^^^^^^^^^^
    ...<5 lines>...
    ),
    ^
  File "C:\Users\guan\AppData\Local\Programs\Python\Python313\Lib\site-packages\anyio\to_thread.py", line 56, in run_sync
    return await get_async_backend().run_sync_in_worker_thread(
           ^^^^^^^^^^^^^^^^^^^^^^^^^^^^^^^^^^^^^^^^^^^^^^^^^^^^
        func, args, abandon_on_cancel=abandon_on_cancel, limiter=limiter
        ^^^^^^^^^^^^^^^^^^^^^^^^^^^^^^^^^^^^^^^^^^^^^^^^^^^^^^^^^^^^^^^^
    )
    ^
  File "C:\Users\guan\AppData\Local\Programs\Python\Python313\Lib\site-packages\anyio\_backends\_asyncio.py", line 2461, in run_sync_in_worker_thread
    return await future
           ^^^^^^^^^^^^
  File "C:\Users\guan\AppData\Local\Programs\Python\Python313\Lib\site-packages\anyio\_backends\_asyncio.py", line 962, in run
    result = context.run(func, *args)
  File "C:\Users\guan\AppData\Local\Programs\Python\Python313\Lib\site-packages\chromadb\telemetry\opentelemetry\__init__.py", line 150, in wrapper
    return f(*args, **kwargs)
  File "C:\Users\guan\AppData\Local\Programs\Python\Python313\Lib\site-packages\chromadb\api\segment.py", line 103, in wrapper
    return self._rate_limit_enforcer.rate_limit(func)(*args, **kwargs)
           ~~~~~~~~~~~~~~~~~~~~~~~~~~~~~~~~~~~~~~~~~~^^^^^^^^^^^^^^^^^
  File "C:\Users\guan\AppData\Local\Programs\Python\Python313\Lib\site-packages\chromadb\rate_limit\simple_rate_limit\__init__.py", line 24, in wrapper
    return func(*args, **kwargs)
  File "C:\Users\guan\AppData\Local\Programs\Python\Python313\Lib\site-packages\chromadb\api\segment.py", line 316, in get_collection
    raise InvalidCollectionException(f"Collection {name} does not exist.")
chromadb.errors.InvalidCollectionException: Collection documents does not exist.
[32mINFO[0m:     [03-03-2025 11:09:51] ::1:52887 - "POST /api/v2/tenants/default_tenant/databases/default_database/collections HTTP/1.1" 200
[36mDEBUG[0m:    [03-03-2025 11:09:53] Starting component PersistentLocalHnswSegment
[32mINFO[0m:     [03-03-2025 11:09:53] ::1:52890 - "POST /api/v2/tenants/default_tenant/databases/default_database/collections/2d7bb67c-3829-4957-b0fe-0160b4259e4d/query HTTP/1.1" 200
[32mINFO[0m:     [03-03-2025 11:09:53] ::1:52890 - "POST /api/v2/tenants/default_tenant/databases/default_database/collections/2d7bb67c-3829-4957-b0fe-0160b4259e4d/query HTTP/1.1" 200
[32mINFO[0m:     [03-03-2025 11:09:55] ::1:52890 - "POST /api/v2/tenants/default_tenant/databases/default_database/collections/2d7bb67c-3829-4957-b0fe-0160b4259e4d/query HTTP/1.1" 200
[33mWARNING[0m:  [03-03-2025 11:29:31] chroma_server_nofile is not supported on Windows. chroma_server_nofile will not be set.
[32mINFO[0m:     [03-03-2025 11:29:31] Anonymized telemetry enabled. See                     https://docs.trychroma.com/telemetry for more information.
[36mDEBUG[0m:    [03-03-2025 11:29:31] Starting component System
[36mDEBUG[0m:    [03-03-2025 11:29:31] Starting component OpenTelemetryClient
[36mDEBUG[0m:    [03-03-2025 11:29:31] Starting component SqliteDB
[36mDEBUG[0m:    [03-03-2025 11:29:31] Starting component SimpleQuotaEnforcer
[36mDEBUG[0m:    [03-03-2025 11:29:31] Starting component Posthog
[36mDEBUG[0m:    [03-03-2025 11:29:31] Starting component SimpleRateLimitEnforcer
[36mDEBUG[0m:    [03-03-2025 11:29:31] Starting component LocalSegmentManager
[36mDEBUG[0m:    [03-03-2025 11:29:31] Starting component LocalExecutor
[36mDEBUG[0m:    [03-03-2025 11:29:31] Starting component SegmentAPI
[36mDEBUG[0m:    [03-03-2025 11:29:31] Starting component SimpleAsyncRateLimitEnforcer
[32mINFO[0m:     [03-03-2025 11:29:32] Started server process [[36m13988[0m]
[32mINFO[0m:     [03-03-2025 11:29:32] Waiting for application startup.
[32mINFO[0m:     [03-03-2025 11:29:32] Application startup complete.
[32mINFO[0m:     [03-03-2025 11:29:32] Uvicorn running on [1mhttp://localhost:8000[0m (Press CTRL+C to quit)
[32mINFO[0m:     [03-03-2025 11:31:00] ::1:53024 - "GET /api/v2/tenants/default_tenant HTTP/1.1" 200
[32mINFO[0m:     [03-03-2025 11:31:00] ::1:53025 - "GET /api/v2/tenants/default_tenant/databases/default_database HTTP/1.1" 200
[32mINFO[0m:     [03-03-2025 11:31:00] ::1:53024 - "GET /api/v2/tenants/default_tenant/databases/default_database/collections/documents HTTP/1.1" 400
[31mERROR[0m:    [03-03-2025 11:31:00] Exception in ASGI application
Traceback (most recent call last):
  File "C:\Users\guan\AppData\Local\Programs\Python\Python313\Lib\site-packages\anyio\streams\memory.py", line 111, in receive
    return self.receive_nowait()
           ~~~~~~~~~~~~~~~~~~~^^
  File "C:\Users\guan\AppData\Local\Programs\Python\Python313\Lib\site-packages\anyio\streams\memory.py", line 106, in receive_nowait
    raise WouldBlock
anyio.WouldBlock

During handling of the above exception, another exception occurred:

Traceback (most recent call last):
  File "C:\Users\guan\AppData\Local\Programs\Python\Python313\Lib\site-packages\anyio\streams\memory.py", line 124, in receive
    return receiver.item
           ^^^^^^^^^^^^^
AttributeError: 'MemoryObjectItemReceiver' object has no attribute 'item'

During handling of the above exception, another exception occurred:

Traceback (most recent call last):
  File "C:\Users\guan\AppData\Local\Programs\Python\Python313\Lib\site-packages\starlette\middleware\base.py", line 147, in call_next
    message = await recv_stream.receive()
              ^^^^^^^^^^^^^^^^^^^^^^^^^^^
  File "C:\Users\guan\AppData\Local\Programs\Python\Python313\Lib\site-packages\anyio\streams\memory.py", line 126, in receive
    raise EndOfStream
anyio.EndOfStream

During handling of the above exception, another exception occurred:

Traceback (most recent call last):
  File "C:\Users\guan\AppData\Local\Programs\Python\Python313\Lib\site-packages\uvicorn\protocols\http\httptools_impl.py", line 409, in run_asgi
    result = await app(  # type: ignore[func-returns-value]
             ^^^^^^^^^^^^^^^^^^^^^^^^^^^^^^^^^^^^^^^^^^^^^^
        self.scope, self.receive, self.send
        ^^^^^^^^^^^^^^^^^^^^^^^^^^^^^^^^^^^
    )
    ^
  File "C:\Users\guan\AppData\Local\Programs\Python\Python313\Lib\site-packages\uvicorn\middleware\proxy_headers.py", line 60, in __call__
    return await self.app(scope, receive, send)
           ^^^^^^^^^^^^^^^^^^^^^^^^^^^^^^^^^^^^
  File "C:\Users\guan\AppData\Local\Programs\Python\Python313\Lib\site-packages\fastapi\applications.py", line 1054, in __call__
    await super().__call__(scope, receive, send)
  File "C:\Users\guan\AppData\Local\Programs\Python\Python313\Lib\site-packages\starlette\applications.py", line 112, in __call__
    await self.middleware_stack(scope, receive, send)
  File "C:\Users\guan\AppData\Local\Programs\Python\Python313\Lib\site-packages\starlette\middleware\errors.py", line 187, in __call__
    raise exc
  File "C:\Users\guan\AppData\Local\Programs\Python\Python313\Lib\site-packages\starlette\middleware\errors.py", line 165, in __call__
    await self.app(scope, receive, _send)
  File "C:\Users\guan\AppData\Local\Programs\Python\Python313\Lib\site-packages\opentelemetry\instrumentation\asgi\__init__.py", line 743, in __call__
    await self.app(scope, otel_receive, otel_send)
  File "C:\Users\guan\AppData\Local\Programs\Python\Python313\Lib\site-packages\starlette\middleware\cors.py", line 85, in __call__
    await self.app(scope, receive, send)
  File "C:\Users\guan\AppData\Local\Programs\Python\Python313\Lib\site-packages\starlette\middleware\base.py", line 181, in __call__
    raise app_exc
  File "C:\Users\guan\AppData\Local\Programs\Python\Python313\Lib\site-packages\starlette\middleware\base.py", line 140, in coro
    await self.app(scope, receive_or_disconnect, send_no_error)
  File "C:\Users\guan\AppData\Local\Programs\Python\Python313\Lib\site-packages\starlette\middleware\base.py", line 181, in __call__
    raise app_exc
  File "C:\Users\guan\AppData\Local\Programs\Python\Python313\Lib\site-packages\chromadb\server\fastapi\__init__.py", line 120, in catch_exceptions_middleware
    return await call_next(request)
           ^^^^^^^^^^^^^^^^^^^^^^^^
  File "C:\Users\guan\AppData\Local\Programs\Python\Python313\Lib\site-packages\starlette\middleware\base.py", line 153, in call_next
    raise app_exc
  File "C:\Users\guan\AppData\Local\Programs\Python\Python313\Lib\site-packages\starlette\middleware\base.py", line 140, in coro
    await self.app(scope, receive_or_disconnect, send_no_error)
  File "C:\Users\guan\AppData\Local\Programs\Python\Python313\Lib\site-packages\starlette\middleware\base.py", line 173, in __call__
    with recv_stream, send_stream, collapse_excgroups():
                                   ~~~~~~~~~~~~~~~~~~^^
  File "C:\Users\guan\AppData\Local\Programs\Python\Python313\Lib\contextlib.py", line 162, in __exit__
    self.gen.throw(value)
    ~~~~~~~~~~~~~~^^^^^^^
  File "C:\Users\guan\AppData\Local\Programs\Python\Python313\Lib\site-packages\starlette\_utils.py", line 82, in collapse_excgroups
    raise exc
  File "C:\Users\guan\AppData\Local\Programs\Python\Python313\Lib\site-packages\starlette\middleware\base.py", line 175, in __call__
    response = await self.dispatch_func(request, call_next)
               ^^^^^^^^^^^^^^^^^^^^^^^^^^^^^^^^^^^^^^^^^^^^
  File "C:\Users\guan\AppData\Local\Programs\Python\Python313\Lib\site-packages\chromadb\server\fastapi\__init__.py", line 144, in check_http_version_middleware
    return await call_next(request)
           ^^^^^^^^^^^^^^^^^^^^^^^^
  File "C:\Users\guan\AppData\Local\Programs\Python\Python313\Lib\site-packages\starlette\middleware\base.py", line 153, in call_next
    raise app_exc
  File "C:\Users\guan\AppData\Local\Programs\Python\Python313\Lib\site-packages\starlette\middleware\base.py", line 140, in coro
    await self.app(scope, receive_or_disconnect, send_no_error)
  File "C:\Users\guan\AppData\Local\Programs\Python\Python313\Lib\site-packages\starlette\middleware\exceptions.py", line 62, in __call__
    await wrap_app_handling_exceptions(self.app, conn)(scope, receive, send)
  File "C:\Users\guan\AppData\Local\Programs\Python\Python313\Lib\site-packages\starlette\_exception_handler.py", line 53, in wrapped_app
    raise exc
  File "C:\Users\guan\AppData\Local\Programs\Python\Python313\Lib\site-packages\starlette\_exception_handler.py", line 42, in wrapped_app
    await app(scope, receive, sender)
  File "C:\Users\guan\AppData\Local\Programs\Python\Python313\Lib\site-packages\starlette\routing.py", line 714, in __call__
    await self.middleware_stack(scope, receive, send)
  File "C:\Users\guan\AppData\Local\Programs\Python\Python313\Lib\site-packages\starlette\routing.py", line 734, in app
    await route.handle(scope, receive, send)
  File "C:\Users\guan\AppData\Local\Programs\Python\Python313\Lib\site-packages\starlette\routing.py", line 288, in handle
    await self.app(scope, receive, send)
  File "C:\Users\guan\AppData\Local\Programs\Python\Python313\Lib\site-packages\starlette\routing.py", line 76, in app
    await wrap_app_handling_exceptions(app, request)(scope, receive, send)
  File "C:\Users\guan\AppData\Local\Programs\Python\Python313\Lib\site-packages\starlette\_exception_handler.py", line 53, in wrapped_app
    raise exc
  File "C:\Users\guan\AppData\Local\Programs\Python\Python313\Lib\site-packages\starlette\_exception_handler.py", line 42, in wrapped_app
    await app(scope, receive, sender)
  File "C:\Users\guan\AppData\Local\Programs\Python\Python313\Lib\site-packages\starlette\routing.py", line 73, in app
    response = await f(request)
               ^^^^^^^^^^^^^^^^
  File "C:\Users\guan\AppData\Local\Programs\Python\Python313\Lib\site-packages\fastapi\routing.py", line 301, in app
    raw_response = await run_endpoint_function(
                   ^^^^^^^^^^^^^^^^^^^^^^^^^^^^
    ...<3 lines>...
    )
    ^
  File "C:\Users\guan\AppData\Local\Programs\Python\Python313\Lib\site-packages\fastapi\routing.py", line 212, in run_endpoint_function
    return await dependant.call(**values)
           ^^^^^^^^^^^^^^^^^^^^^^^^^^^^^^
  File "C:\Users\guan\AppData\Local\Programs\Python\Python313\Lib\site-packages\chromadb\telemetry\opentelemetry\__init__.py", line 134, in async_wrapper
    return await f(*args, **kwargs)
           ^^^^^^^^^^^^^^^^^^^^^^^^
  File "C:\Users\guan\AppData\Local\Programs\Python\Python313\Lib\site-packages\chromadb\server\fastapi\__init__.py", line 829, in get_collection
    await to_thread.run_sync(
    ^^^^^^^^^^^^^^^^^^^^^^^^^
    ...<5 lines>...
    ),
    ^
  File "C:\Users\guan\AppData\Local\Programs\Python\Python313\Lib\site-packages\anyio\to_thread.py", line 56, in run_sync
    return await get_async_backend().run_sync_in_worker_thread(
           ^^^^^^^^^^^^^^^^^^^^^^^^^^^^^^^^^^^^^^^^^^^^^^^^^^^^
        func, args, abandon_on_cancel=abandon_on_cancel, limiter=limiter
        ^^^^^^^^^^^^^^^^^^^^^^^^^^^^^^^^^^^^^^^^^^^^^^^^^^^^^^^^^^^^^^^^
    )
    ^
  File "C:\Users\guan\AppData\Local\Programs\Python\Python313\Lib\site-packages\anyio\_backends\_asyncio.py", line 2461, in run_sync_in_worker_thread
    return await future
           ^^^^^^^^^^^^
  File "C:\Users\guan\AppData\Local\Programs\Python\Python313\Lib\site-packages\anyio\_backends\_asyncio.py", line 962, in run
    result = context.run(func, *args)
  File "C:\Users\guan\AppData\Local\Programs\Python\Python313\Lib\site-packages\chromadb\telemetry\opentelemetry\__init__.py", line 150, in wrapper
    return f(*args, **kwargs)
  File "C:\Users\guan\AppData\Local\Programs\Python\Python313\Lib\site-packages\chromadb\api\segment.py", line 103, in wrapper
    return self._rate_limit_enforcer.rate_limit(func)(*args, **kwargs)
           ~~~~~~~~~~~~~~~~~~~~~~~~~~~~~~~~~~~~~~~~~~^^^^^^^^^^^^^^^^^
  File "C:\Users\guan\AppData\Local\Programs\Python\Python313\Lib\site-packages\chromadb\rate_limit\simple_rate_limit\__init__.py", line 24, in wrapper
    return func(*args, **kwargs)
  File "C:\Users\guan\AppData\Local\Programs\Python\Python313\Lib\site-packages\chromadb\api\segment.py", line 316, in get_collection
    raise InvalidCollectionException(f"Collection {name} does not exist.")
chromadb.errors.InvalidCollectionException: Collection documents does not exist.
[32mINFO[0m:     [03-03-2025 11:31:00] ::1:53025 - "POST /api/v2/tenants/default_tenant/databases/default_database/collections HTTP/1.1" 200
[32mINFO[0m:     [03-03-2025 11:31:00] ::1:53026 - "GET /api/v2/tenants/default_tenant/databases/default_database/collections/2fb96d8c-3fbb-4745-ae62-a58c23cc79af/count HTTP/1.1" 200
[36mDEBUG[0m:    [03-03-2025 11:31:02] Starting component PersistentLocalHnswSegment
[32mINFO[0m:     [03-03-2025 11:31:02] ::1:53026 - "POST /api/v2/tenants/default_tenant/databases/default_database/collections/2fb96d8c-3fbb-4745-ae62-a58c23cc79af/add HTTP/1.1" 201
[32mINFO[0m:     [03-03-2025 11:31:03] ::1:53026 - "POST /api/v2/tenants/default_tenant/databases/default_database/collections/2fb96d8c-3fbb-4745-ae62-a58c23cc79af/add HTTP/1.1" 201
[32mINFO[0m:     [03-03-2025 11:31:03] ::1:53025 - "GET /api/v2/tenants/default_tenant/databases/default_database/collections/2fb96d8c-3fbb-4745-ae62-a58c23cc79af/count HTTP/1.1" 200
[32mINFO[0m:     [03-03-2025 11:31:03] ::1:53026 - "POST /api/v2/tenants/default_tenant/databases/default_database/collections/2fb96d8c-3fbb-4745-ae62-a58c23cc79af/query HTTP/1.1" 200
[32mINFO[0m:     [03-03-2025 11:31:06] ::1:53026 - "POST /api/v2/tenants/default_tenant/databases/default_database/collections/2fb96d8c-3fbb-4745-ae62-a58c23cc79af/query HTTP/1.1" 200
[32mINFO[0m:     [03-03-2025 11:33:24] ::1:53042 - "GET /api/v2/tenants/default_tenant HTTP/1.1" 200
[32mINFO[0m:     [03-03-2025 11:33:24] ::1:53043 - "GET /api/v2/tenants/default_tenant/databases/default_database HTTP/1.1" 200
[32mINFO[0m:     [03-03-2025 11:33:24] ::1:53042 - "GET /api/v2/tenants/default_tenant/databases/default_database/collections/documents HTTP/1.1" 200
[32mINFO[0m:     [03-03-2025 11:33:24] ::1:53043 - "GET /api/v2/tenants/default_tenant/databases/default_database/collections/2fb96d8c-3fbb-4745-ae62-a58c23cc79af/count HTTP/1.1" 200
[32mINFO[0m:     [03-03-2025 11:33:25] ::1:53042 - "POST /api/v2/tenants/default_tenant/databases/default_database/collections/2fb96d8c-3fbb-4745-ae62-a58c23cc79af/query HTTP/1.1" 200
[32mINFO[0m:     [03-03-2025 11:33:26] ::1:53042 - "POST /api/v2/tenants/default_tenant/databases/default_database/collections/2fb96d8c-3fbb-4745-ae62-a58c23cc79af/query HTTP/1.1" 200
[33mWARNING[0m:  [03-03-2025 11:37:31] chroma_server_nofile is not supported on Windows. chroma_server_nofile will not be set.
[32mINFO[0m:     [03-03-2025 11:37:32] Anonymized telemetry enabled. See                     https://docs.trychroma.com/telemetry for more information.
[36mDEBUG[0m:    [03-03-2025 11:37:32] Starting component System
[36mDEBUG[0m:    [03-03-2025 11:37:32] Starting component OpenTelemetryClient
[36mDEBUG[0m:    [03-03-2025 11:37:32] Starting component SqliteDB
[36mDEBUG[0m:    [03-03-2025 11:37:32] Starting component SimpleQuotaEnforcer
[36mDEBUG[0m:    [03-03-2025 11:37:32] Starting component Posthog
[36mDEBUG[0m:    [03-03-2025 11:37:32] Starting component SimpleRateLimitEnforcer
[36mDEBUG[0m:    [03-03-2025 11:37:32] Starting component LocalSegmentManager
[36mDEBUG[0m:    [03-03-2025 11:37:32] Starting component LocalExecutor
[36mDEBUG[0m:    [03-03-2025 11:37:32] Starting component SegmentAPI
[36mDEBUG[0m:    [03-03-2025 11:37:32] Starting component SimpleAsyncRateLimitEnforcer
[32mINFO[0m:     [03-03-2025 11:37:32] Started server process [[36m13368[0m]
[32mINFO[0m:     [03-03-2025 11:37:32] Waiting for application startup.
[32mINFO[0m:     [03-03-2025 11:37:32] Application startup complete.
[32mINFO[0m:     [03-03-2025 11:37:32] Uvicorn running on [1mhttp://localhost:8000[0m (Press CTRL+C to quit)
[32mINFO[0m:     [03-03-2025 11:43:15] ::1:53260 - "GET /api/v2/tenants/default_tenant HTTP/1.1" 200
[32mINFO[0m:     [03-03-2025 11:43:15] ::1:53261 - "GET /api/v2/tenants/default_tenant/databases/default_database HTTP/1.1" 200
[32mINFO[0m:     [03-03-2025 11:43:15] ::1:53260 - "GET /api/v2/tenants/default_tenant/databases/default_database/collections/documents HTTP/1.1" 200
[32mINFO[0m:     [03-03-2025 11:43:15] ::1:53261 - "GET /api/v2/tenants/default_tenant/databases/default_database/collections/2fb96d8c-3fbb-4745-ae62-a58c23cc79af/count HTTP/1.1" 200
[36mDEBUG[0m:    [03-03-2025 11:43:16] Starting component PersistentLocalHnswSegment
[32mINFO[0m:     [03-03-2025 11:43:16] ::1:53260 - "POST /api/v2/tenants/default_tenant/databases/default_database/collections/2fb96d8c-3fbb-4745-ae62-a58c23cc79af/query HTTP/1.1" 200
[32mINFO[0m:     [03-03-2025 11:43:17] ::1:53260 - "POST /api/v2/tenants/default_tenant/databases/default_database/collections/2fb96d8c-3fbb-4745-ae62-a58c23cc79af/query HTTP/1.1" 200
[32mINFO[0m:     [03-03-2025 11:44:35] ::1:53268 - "GET /api/v2/tenants/default_tenant HTTP/1.1" 200
[32mINFO[0m:     [03-03-2025 11:44:35] ::1:53269 - "GET /api/v2/tenants/default_tenant/databases/default_database HTTP/1.1" 200
[32mINFO[0m:     [03-03-2025 11:44:35] ::1:53268 - "GET /api/v2/tenants/default_tenant/databases/default_database/collections/documents HTTP/1.1" 200
[32mINFO[0m:     [03-03-2025 11:44:35] ::1:53269 - "GET /api/v2/tenants/default_tenant/databases/default_database/collections/2fb96d8c-3fbb-4745-ae62-a58c23cc79af/count HTTP/1.1" 200
[32mINFO[0m:     [03-03-2025 11:44:36] ::1:53268 - "POST /api/v2/tenants/default_tenant/databases/default_database/collections/2fb96d8c-3fbb-4745-ae62-a58c23cc79af/query HTTP/1.1" 200
[32mINFO[0m:     [03-03-2025 11:44:38] ::1:53268 - "POST /api/v2/tenants/default_tenant/databases/default_database/collections/2fb96d8c-3fbb-4745-ae62-a58c23cc79af/query HTTP/1.1" 200
[32mINFO[0m:     [03-03-2025 11:46:52] ::1:53281 - "GET /api/v2/tenants/default_tenant/databases/default_database/collections/2fb96d8c-3fbb-4745-ae62-a58c23cc79af/count HTTP/1.1" 200
[32mINFO[0m:     [03-03-2025 11:46:53] ::1:53281 - "POST /api/v2/tenants/default_tenant/databases/default_database/collections/2fb96d8c-3fbb-4745-ae62-a58c23cc79af/query HTTP/1.1" 200
[32mINFO[0m:     [03-03-2025 11:46:54] ::1:53281 - "POST /api/v2/tenants/default_tenant/databases/default_database/collections/2fb96d8c-3fbb-4745-ae62-a58c23cc79af/query HTTP/1.1" 200
[32mINFO[0m:     [03-03-2025 13:46:42] ::1:53644 - "GET /api/v2/tenants/default_tenant HTTP/1.1" 200
[32mINFO[0m:     [03-03-2025 13:46:42] ::1:53645 - "GET /api/v2/tenants/default_tenant/databases/default_database HTTP/1.1" 200
[32mINFO[0m:     [03-03-2025 13:46:42] ::1:53644 - "GET /api/v2/tenants/default_tenant/databases/default_database/collections/documents HTTP/1.1" 200
[32mINFO[0m:     [03-03-2025 13:46:42] ::1:53645 - "GET /api/v2/tenants/default_tenant/databases/default_database/collections/2fb96d8c-3fbb-4745-ae62-a58c23cc79af/count HTTP/1.1" 200
[32mINFO[0m:     [03-03-2025 13:46:43] ::1:53644 - "POST /api/v2/tenants/default_tenant/databases/default_database/collections/2fb96d8c-3fbb-4745-ae62-a58c23cc79af/query HTTP/1.1" 200
[32mINFO[0m:     [03-03-2025 13:46:56] ::1:53648 - "GET /api/v2/tenants/default_tenant HTTP/1.1" 200
[32mINFO[0m:     [03-03-2025 13:46:56] ::1:53649 - "GET /api/v2/tenants/default_tenant/databases/default_database HTTP/1.1" 200
[32mINFO[0m:     [03-03-2025 13:46:56] ::1:53648 - "GET /api/v2/tenants/default_tenant/databases/default_database/collections/documents HTTP/1.1" 200
[32mINFO[0m:     [03-03-2025 13:46:56] ::1:53649 - "GET /api/v2/tenants/default_tenant/databases/default_database/collections/2fb96d8c-3fbb-4745-ae62-a58c23cc79af/count HTTP/1.1" 200
[32mINFO[0m:     [03-03-2025 13:46:56] ::1:53648 - "POST /api/v2/tenants/default_tenant/databases/default_database/collections/2fb96d8c-3fbb-4745-ae62-a58c23cc79af/query HTTP/1.1" 200
[32mINFO[0m:     [03-03-2025 13:47:17] ::1:53652 - "GET /api/v2/tenants/default_tenant/databases/default_database/collections/2fb96d8c-3fbb-4745-ae62-a58c23cc79af/count HTTP/1.1" 200
[32mINFO[0m:     [03-03-2025 13:47:18] ::1:53652 - "POST /api/v2/tenants/default_tenant/databases/default_database/collections/2fb96d8c-3fbb-4745-ae62-a58c23cc79af/query HTTP/1.1" 200
[32mINFO[0m:     [03-03-2025 13:48:05] ::1:53660 - "GET /api/v2/tenants/default_tenant/databases/default_database/collections/2fb96d8c-3fbb-4745-ae62-a58c23cc79af/count HTTP/1.1" 200
[32mINFO[0m:     [03-03-2025 13:48:06] ::1:53660 - "POST /api/v2/tenants/default_tenant/databases/default_database/collections/2fb96d8c-3fbb-4745-ae62-a58c23cc79af/query HTTP/1.1" 200
[32mINFO[0m:     [03-03-2025 13:56:24] ::1:53706 - "GET /api/v2/tenants/default_tenant HTTP/1.1" 200
[32mINFO[0m:     [03-03-2025 13:56:24] ::1:53707 - "GET /api/v2/tenants/default_tenant/databases/default_database HTTP/1.1" 200
[32mINFO[0m:     [03-03-2025 13:56:24] ::1:53706 - "GET /api/v2/tenants/default_tenant/databases/default_database/collections/documents HTTP/1.1" 200
[32mINFO[0m:     [03-03-2025 13:56:24] ::1:53707 - "GET /api/v2/tenants/default_tenant/databases/default_database/collections/2fb96d8c-3fbb-4745-ae62-a58c23cc79af/count HTTP/1.1" 200
[32mINFO[0m:     [03-03-2025 13:56:24] ::1:53706 - "POST /api/v2/tenants/default_tenant/databases/default_database/collections/2fb96d8c-3fbb-4745-ae62-a58c23cc79af/query HTTP/1.1" 200
[32mINFO[0m:     [03-03-2025 13:56:55] ::1:53715 - "GET /api/v2/tenants/default_tenant HTTP/1.1" 200
[32mINFO[0m:     [03-03-2025 13:56:55] ::1:53716 - "GET /api/v2/tenants/default_tenant/databases/default_database HTTP/1.1" 200
[32mINFO[0m:     [03-03-2025 13:56:55] ::1:53715 - "GET /api/v2/tenants/default_tenant/databases/default_database/collections/documents HTTP/1.1" 200
[32mINFO[0m:     [03-03-2025 13:56:55] ::1:53716 - "GET /api/v2/tenants/default_tenant/databases/default_database/collections/2fb96d8c-3fbb-4745-ae62-a58c23cc79af/count HTTP/1.1" 200
[32mINFO[0m:     [03-03-2025 13:56:55] ::1:53715 - "POST /api/v2/tenants/default_tenant/databases/default_database/collections/2fb96d8c-3fbb-4745-ae62-a58c23cc79af/query HTTP/1.1" 200
[32mINFO[0m:     [03-03-2025 13:57:18] ::1:53722 - "GET /api/v2/tenants/default_tenant/databases/default_database/collections/2fb96d8c-3fbb-4745-ae62-a58c23cc79af/count HTTP/1.1" 200
[32mINFO[0m:     [03-03-2025 13:57:19] ::1:53722 - "POST /api/v2/tenants/default_tenant/databases/default_database/collections/2fb96d8c-3fbb-4745-ae62-a58c23cc79af/query HTTP/1.1" 200
[32mINFO[0m:     [03-03-2025 13:59:49] ::1:53753 - "GET /api/v2/tenants/default_tenant HTTP/1.1" 200
[32mINFO[0m:     [03-03-2025 13:59:49] ::1:53754 - "GET /api/v2/tenants/default_tenant/databases/default_database HTTP/1.1" 200
[32mINFO[0m:     [03-03-2025 13:59:49] ::1:53753 - "GET /api/v2/tenants/default_tenant/databases/default_database/collections/documents HTTP/1.1" 200
[32mINFO[0m:     [03-03-2025 13:59:49] ::1:53754 - "GET /api/v2/tenants/default_tenant/databases/default_database/collections/2fb96d8c-3fbb-4745-ae62-a58c23cc79af/count HTTP/1.1" 200
[32mINFO[0m:     [03-03-2025 13:59:50] ::1:53753 - "POST /api/v2/tenants/default_tenant/databases/default_database/collections/2fb96d8c-3fbb-4745-ae62-a58c23cc79af/query HTTP/1.1" 200
[32mINFO[0m:     [03-03-2025 14:07:39] ::1:53915 - "GET /api/v2/tenants/default_tenant HTTP/1.1" 200
[32mINFO[0m:     [03-03-2025 14:07:39] ::1:53916 - "GET /api/v2/tenants/default_tenant/databases/default_database HTTP/1.1" 200
[32mINFO[0m:     [03-03-2025 14:07:39] ::1:53915 - "GET /api/v2/tenants/default_tenant/databases/default_database/collections/documents HTTP/1.1" 200
[32mINFO[0m:     [03-03-2025 14:07:39] ::1:53916 - "GET /api/v2/tenants/default_tenant/databases/default_database/collections/2fb96d8c-3fbb-4745-ae62-a58c23cc79af/count HTTP/1.1" 200
[32mINFO[0m:     [03-03-2025 14:07:40] ::1:53915 - "POST /api/v2/tenants/default_tenant/databases/default_database/collections/2fb96d8c-3fbb-4745-ae62-a58c23cc79af/query HTTP/1.1" 200
[32mINFO[0m:     [03-03-2025 14:08:07] ::1:53919 - "GET /api/v2/tenants/default_tenant/databases/default_database/collections/2fb96d8c-3fbb-4745-ae62-a58c23cc79af/count HTTP/1.1" 200
[32mINFO[0m:     [03-03-2025 14:08:07] ::1:53919 - "POST /api/v2/tenants/default_tenant/databases/default_database/collections/2fb96d8c-3fbb-4745-ae62-a58c23cc79af/query HTTP/1.1" 200
[32mINFO[0m:     [03-03-2025 14:40:25] ::1:54013 - "GET /api/v2/tenants/default_tenant HTTP/1.1" 200
[32mINFO[0m:     [03-03-2025 14:40:25] ::1:54014 - "GET /api/v2/tenants/default_tenant/databases/default_database HTTP/1.1" 200
[32mINFO[0m:     [03-03-2025 14:40:25] ::1:54013 - "GET /api/v2/tenants/default_tenant/databases/default_database/collections/documents HTTP/1.1" 200
[32mINFO[0m:     [03-03-2025 14:40:25] ::1:54014 - "GET /api/v2/tenants/default_tenant/databases/default_database/collections/2fb96d8c-3fbb-4745-ae62-a58c23cc79af/count HTTP/1.1" 200
[32mINFO[0m:     [03-03-2025 14:40:26] ::1:54013 - "POST /api/v2/tenants/default_tenant/databases/default_database/collections/2fb96d8c-3fbb-4745-ae62-a58c23cc79af/query HTTP/1.1" 200
[32mINFO[0m:     [03-03-2025 14:41:27] ::1:54018 - "GET /api/v2/tenants/default_tenant/databases/default_database/collections/2fb96d8c-3fbb-4745-ae62-a58c23cc79af/count HTTP/1.1" 200
[32mINFO[0m:     [03-03-2025 14:41:28] ::1:54018 - "POST /api/v2/tenants/default_tenant/databases/default_database/collections/2fb96d8c-3fbb-4745-ae62-a58c23cc79af/query HTTP/1.1" 200
[32mINFO[0m:     [03-03-2025 14:41:56] ::1:54025 - "GET /api/v2/tenants/default_tenant/databases/default_database/collections/2fb96d8c-3fbb-4745-ae62-a58c23cc79af/count HTTP/1.1" 200
[32mINFO[0m:     [03-03-2025 14:41:57] ::1:54025 - "POST /api/v2/tenants/default_tenant/databases/default_database/collections/2fb96d8c-3fbb-4745-ae62-a58c23cc79af/query HTTP/1.1" 200
[32mINFO[0m:     [03-03-2025 14:42:21] ::1:54030 - "GET /api/v2/tenants/default_tenant/databases/default_database/collections/2fb96d8c-3fbb-4745-ae62-a58c23cc79af/count HTTP/1.1" 200
[32mINFO[0m:     [03-03-2025 14:42:22] ::1:54030 - "POST /api/v2/tenants/default_tenant/databases/default_database/collections/2fb96d8c-3fbb-4745-ae62-a58c23cc79af/query HTTP/1.1" 200
